<?xml version="1.0" encoding="UTF-8" ?>
<testsuite tests="7" failures="0" name="com.bankofapis.remote.service.PispRemoteTest" time="0.027" errors="0" skipped="0">
  <properties>
[...]
</properties>
  <testcase classname="com.bankofapis.remote.service.PispRemoteTest" name="testRestTemplateCallFromPaymentConsentWhenException" time="0"/>
  <testcase classname="com.bankofapis.remote.service.PispRemoteTest" name="testGetAuthorizeUrl" time="0"/>
  <testcase classname="com.bankofapis.remote.service.PispRemoteTest" name="testRestTemplateCallFromDomesticPayment" time="0.012"/>
  <testcase classname="com.bankofapis.remote.service.PispRemoteTest" name="testRestTemplateCallFromPaymentConsent" time="0.007"/>
  <testcase classname="com.bankofapis.remote.service.PispRemoteTest" name="testRestTemplateCallFromPaymentStatusWhenException" time="0.004"/>
  <testcase classname="com.bankofapis.remote.service.PispRemoteTest" name="testRestTemplateCallFromPaymentStatus" time="0.002"/>
  <testcase classname="com.bankofapis.remote.service.PispRemoteTest" name="testRestTemplateCallFromDomesticPaymentWhenException" time="0.002"/>
</testsuite>